Geocoded with UTC Offset= 0 and  Maximum time difference = 300
Pictures Folder: C:\Users\mcoulter\Desktop\Trip
GPX file: C:\Users\mcoulter\GhostTowns\dumpTrip20090817.gpx 

Processed image 0815091703a.jpg : taken 2009-08-15-23:03:16, writing best latitude/longitude match to picture: N 46.21145726 ,W -113.24048282 : time difference (s)= 8
Processed image 0815091703b.jpg : taken 2009-08-15-23:03:34, writing best latitude/longitude match to picture: N 46.21132851 ,W -113.24033261 : time difference (s)= 1
Processed image 0815091707b.jpg : taken 2009-08-15-23:08:09, writing best latitude/longitude match to picture: N 46.20244503 ,W -113.22565557 : time difference (s)= 44
Processed image 0815091743a.jpg : taken 2009-08-15-23:43:23, writing best latitude/longitude match to picture: N 46.17105246 ,W -113.15849305 : time difference (s)= 47
Processed image 0815091837a.jpg : taken 2009-08-16-00:37:31, writing best latitude/longitude match to picture: N 46.23456717 ,W -113.19658042 : time difference (s)= 223
Processed image 0815091837b.jpg : taken 2009-08-16-00:38:13, writing best latitude/longitude match to picture: N 46.23456717 ,W -113.19658042 : time difference (s)= 181
Processed image 0815091848a.jpg :  : WARNING: DIDN'T GEOCODE, no track point below the maximum time range ( 300 s) : 2009-08-16-00:48:34 time difference (s)= 440
For information nearest trackpoint was at lat=46.23456717 long=-113.19658042
Processed image 0815091848b.jpg :  : WARNING: DIDN'T GEOCODE, no track point below the maximum time range ( 300 s) : 2009-08-16-00:48:46 time difference (s)= 452
For information nearest trackpoint was at lat=46.23456717 long=-113.19658042
Processed image 0815091854a.jpg : taken 2009-08-16-00:54:42, writing best latitude/longitude match to picture: N 46.23473883 ,W -113.19645167 : time difference (s)= 155
Processed image 0815091855a.jpg : taken 2009-08-16-00:55:19, writing best latitude/longitude match to picture: N 46.23473883 ,W -113.19645167 : time difference (s)= 118
Processed image 0815091855b.jpg : taken 2009-08-16-00:56:00, writing best latitude/longitude match to picture: N 46.23473883 ,W -113.19645167 : time difference (s)= 77
Processed image 0815091858a.jpg : taken 2009-08-16-00:58:30, writing best latitude/longitude match to picture: N 46.23473883 ,W -113.19645167 : time difference (s)= 73
Processed image 0815091900a.jpg : taken 2009-08-16-01:00:30, writing best latitude/longitude match to picture: N 46.23471737 ,W -113.19658042 : time difference (s)= 40
Processed image 0816090823a.jpg :  : WARNING: DIDN'T GEOCODE, no track point below the maximum time range ( 300 s) : 2009-08-16-14:24:12 time difference (s)= 1338
For information nearest trackpoint was at lat=46.30954028 long=-113.13986779
Processed image 0816090824a.jpg :  : WARNING: DIDN'T GEOCODE, no track point below the maximum time range ( 300 s) : 2009-08-16-14:25:09 time difference (s)= 1281
For information nearest trackpoint was at lat=46.30954028 long=-113.13986779
Processed image 0816090825a.jpg :  : WARNING: DIDN'T GEOCODE, no track point below the maximum time range ( 300 s) : 2009-08-16-14:25:25 time difference (s)= 1265
For information nearest trackpoint was at lat=46.30954028 long=-113.13986779
Processed image 0816090950b.jpg :  : WARNING: DIDN'T GEOCODE, no track point below the maximum time range ( 300 s) : 2009-08-16-15:50:47 time difference (s)= 944
For information nearest trackpoint was at lat=46.31237269 long=-113.13967467
Processed image 0816090950c.jpg :  : WARNING: DIDN'T GEOCODE, no track point below the maximum time range ( 300 s) : 2009-08-16-15:50:57 time difference (s)= 954
For information nearest trackpoint was at lat=46.31237269 long=-113.13967467
Processed image 0816090950d.jpg :  : WARNING: DIDN'T GEOCODE, no track point below the maximum time range ( 300 s) : 2009-08-16-15:51:06 time difference (s)= 963
For information nearest trackpoint was at lat=46.31237269 long=-113.13967467
Processed image 0816091005a.jpg :  : WARNING: DIDN'T GEOCODE, no track point below the maximum time range ( 300 s) : 2009-08-16-16:05:51 time difference (s)= 1848
For information nearest trackpoint was at lat=46.31237269 long=-113.13967467
Processed image 0816091006a.jpg :  : WARNING: DIDN'T GEOCODE, no track point below the maximum time range ( 300 s) : 2009-08-16-16:06:28 time difference (s)= 1885
For information nearest trackpoint was at lat=46.31237269 long=-113.13967467
Processed image 0816091006b.jpg :  : WARNING: DIDN'T GEOCODE, no track point below the maximum time range ( 300 s) : 2009-08-16-16:06:57 time difference (s)= 1914
For information nearest trackpoint was at lat=46.31237269 long=-113.13967467
Processed image 0816091006c.jpg :  : WARNING: DIDN'T GEOCODE, no track point below the maximum time range ( 300 s) : 2009-08-16-16:07:14 time difference (s)= 1931
For information nearest trackpoint was at lat=46.31237269 long=-113.13967467
Processed image 0816091008a.jpg :  : WARNING: DIDN'T GEOCODE, no track point below the maximum time range ( 300 s) : 2009-08-16-16:08:35 time difference (s)= 2012
For information nearest trackpoint was at lat=46.31237269 long=-113.13967467
Processed image 0816091008b.jpg :  : WARNING: DIDN'T GEOCODE, no track point below the maximum time range ( 300 s) : 2009-08-16-16:08:44 time difference (s)= 2021
For information nearest trackpoint was at lat=46.31237269 long=-113.13967467
Processed image 0816091100a.jpg :  : WARNING: DIDN'T GEOCODE, no track point below the maximum time range ( 300 s) : 2009-08-16-17:00:49 time difference (s)= 2346
For information nearest trackpoint was at lat=46.31175042 long=-113.23593379
Processed image 0816091150a.jpg : taken 2009-08-16-17:50:42, writing best latitude/longitude match to picture: N 46.31535531 ,W -113.24288608 : time difference (s)= 49
Processed image 0816091151a.jpg : taken 2009-08-16-17:51:15, writing best latitude/longitude match to picture: N 46.31535531 ,W -113.24288608 : time difference (s)= 16
Processed image 0816091151b.jpg : taken 2009-08-16-17:51:36, writing best latitude/longitude match to picture: N 46.31535531 ,W -113.24288608 : time difference (s)= 5
Processed image 0816091151c.jpg : taken 2009-08-16-17:52:02, writing best latitude/longitude match to picture: N 46.31574154 ,W -113.24282170 : time difference (s)= 2
Processed image 0816091152c.jpg : taken 2009-08-16-17:52:38, writing best latitude/longitude match to picture: N 46.31589175 ,W -113.24292899 : time difference (s)= 19
Processed image 0816091153a.jpg : taken 2009-08-16-17:53:24, writing best latitude/longitude match to picture: N 46.31608487 ,W -113.24288608 : time difference (s)= 20
Processed image 0816091154b.jpg : taken 2009-08-16-17:54:52, writing best latitude/longitude match to picture: N 46.31672860 ,W -113.24335815 : time difference (s)= 31
Processed image 0816091155a.jpg : taken 2009-08-16-17:55:47, writing best latitude/longitude match to picture: N 46.31732941 ,W -113.24432374 : time difference (s)= 11
Processed image 0816091156a.jpg : taken 2009-08-16-17:56:30, writing best latitude/longitude match to picture: N 46.31677151 ,W -113.24415208 : time difference (s)= 8
Processed image 0816091156b.jpg : taken 2009-08-16-17:57:12, writing best latitude/longitude match to picture: N 46.31670714 ,W -113.24404479 : time difference (s)= 15
Processed image 0816091158b.jpg : taken 2009-08-16-17:58:31, writing best latitude/longitude match to picture: N 46.31602049 ,W -113.24376584 : time difference (s)= 4
Processed image 0816091159a.jpg : taken 2009-08-16-18:00:05, writing best latitude/longitude match to picture: N 46.31518364 ,W -113.24346543 : time difference (s)= 3
Processed image 0816091200a.jpg : taken 2009-08-16-18:01:03, writing best latitude/longitude match to picture: N 46.31516219 ,W -113.24350835 : time difference (s)= 15
Processed image 0816091201a.jpg : taken 2009-08-16-18:01:48, writing best latitude/longitude match to picture: N 46.31499052 ,W -113.24329377 : time difference (s)= 29
Processed image 0816091209a.jpg : taken 2009-08-16-18:10:13, writing best latitude/longitude match to picture: N 46.31458283 ,W -113.25254203 : time difference (s)= 13
Processed image 0816091210a.jpg : taken 2009-08-16-18:10:52, writing best latitude/longitude match to picture: N 46.31458283 ,W -113.25254203 : time difference (s)= 26
Processed image 0816091215a.jpg : taken 2009-08-16-18:16:05, writing best latitude/longitude match to picture: N 46.31614924 ,W -113.27427865 : time difference (s)= 92
Processed image 0816091840a.jpg : taken 2009-08-17-00:40:49, writing best latitude/longitude match to picture: N 46.61205054 ,W -114.39557077 : time difference (s)= 5
Processed image 0816091913a.jpg : taken 2009-08-17-01:14:05, writing best latitude/longitude match to picture: N 46.63516045 ,W -114.57783223 : time difference (s)= 2
Processed image 0816092009a.jpg :  : WARNING: DIDN'T GEOCODE, no track point below the maximum time range ( 300 s) : 2009-08-17-02:09:54 time difference (s)= 509
For information nearest trackpoint was at lat=46.51261569 long=-114.72359420
Processed image 0817090940a.jpg :  : WARNING: DIDN'T GEOCODE, no track point below the maximum time range ( 300 s) : 2009-08-17-15:40:35 time difference (s)= 5870
For information nearest trackpoint was at lat=46.51212216 long=-114.72398044
Processed image 0817090940b.jpg :  : WARNING: DIDN'T GEOCODE, no track point below the maximum time range ( 300 s) : 2009-08-17-15:41:12 time difference (s)= 5833
For information nearest trackpoint was at lat=46.51212216 long=-114.72398044
Processed image 0817090941a.jpg :  : WARNING: DIDN'T GEOCODE, no track point below the maximum time range ( 300 s) : 2009-08-17-15:41:31 time difference (s)= 5814
For information nearest trackpoint was at lat=46.51212216 long=-114.72398044
Processed image 0817090942a.jpg :  : WARNING: DIDN'T GEOCODE, no track point below the maximum time range ( 300 s) : 2009-08-17-15:42:28 time difference (s)= 5757
For information nearest trackpoint was at lat=46.51212216 long=-114.72398044
Processed image 0817091106a.jpg :  : WARNING: DIDN'T GEOCODE, no track point below the maximum time range ( 300 s) : 2009-08-17-17:06:34 time difference (s)= 711
For information nearest trackpoint was at lat=46.51212216 long=-114.72398044
Processed image 0817091106b.jpg :  : WARNING: DIDN'T GEOCODE, no track point below the maximum time range ( 300 s) : 2009-08-17-17:06:46 time difference (s)= 699
For information nearest trackpoint was at lat=46.51212216 long=-114.72398044
Processed image 0817091107a.jpg :  : WARNING: DIDN'T GEOCODE, no track point below the maximum time range ( 300 s) : 2009-08-17-17:07:59 time difference (s)= 626
For information nearest trackpoint was at lat=46.51212216 long=-114.72398044
Processed image 0817091110a.jpg :  : WARNING: DIDN'T GEOCODE, no track point below the maximum time range ( 300 s) : 2009-08-17-17:10:48 time difference (s)= 457
For information nearest trackpoint was at lat=46.51212216 long=-114.72398044
Processed image 0817091112a.jpg :  : WARNING: DIDN'T GEOCODE, no track point below the maximum time range ( 300 s) : 2009-08-17-17:13:15 time difference (s)= 310
For information nearest trackpoint was at lat=46.51212216 long=-114.72398044
Processed image 0817091115a.jpg : taken 2009-08-17-17:15:18, writing best latitude/longitude match to picture: N 46.51212216 ,W -114.72398044 : time difference (s)= 187
Processed image 0817091125a.jpg : taken 2009-08-17-17:26:03, writing best latitude/longitude match to picture: N 46.51244402 ,W -114.72374440 : time difference (s)= 70
Processed image 0817091316a.jpg : taken 2009-08-17-20:17:02, writing best latitude/longitude match to picture: N 46.58385516 ,W -114.84596730 : time difference (s)= 2
Processed image 0817091333a.jpg : taken 2009-08-17-20:33:57, writing best latitude/longitude match to picture: N 46.60235167 ,W -114.85169650 : time difference (s)= 7
Processed image 0817091336b.jpg : taken 2009-08-17-20:37:00, writing best latitude/longitude match to picture: N 46.59857512 ,W -114.85431434 : time difference (s)= 7
Processed image 0817091337a.jpg : taken 2009-08-17-20:37:17, writing best latitude/longitude match to picture: N 46.59851075 ,W -114.85448600 : time difference (s)= 2
Processed image 0817091341a.jpg : taken 2009-08-17-20:41:44, writing best latitude/longitude match to picture: N 46.59572125 ,W -114.86236096 : time difference (s)= 110
Processed image 0817091343a.jpg : taken 2009-08-17-20:44:11, writing best latitude/longitude match to picture: N 46.59572125 ,W -114.86236096 : time difference (s)= 257
Processed image 0817091344a.jpg : taken 2009-08-17-20:44:45, writing best latitude/longitude match to picture: N 46.59572125 ,W -114.86236096 : time difference (s)= 291
Processed image 0817091345a.jpg :  : WARNING: DIDN'T GEOCODE, no track point below the maximum time range ( 300 s) : 2009-08-17-20:45:38 time difference (s)= 344
For information nearest trackpoint was at lat=46.59572125 long=-114.86236096
Processed image 0817091346a.jpg :  : WARNING: DIDN'T GEOCODE, no track point below the maximum time range ( 300 s) : 2009-08-17-20:46:43 time difference (s)= 409
For information nearest trackpoint was at lat=46.59572125 long=-114.86236096
Processed image 0817091348a.jpg :  : WARNING: DIDN'T GEOCODE, no track point below the maximum time range ( 300 s) : 2009-08-17-20:48:44 time difference (s)= 530
For information nearest trackpoint was at lat=46.59572125 long=-114.86236096
Processed image 0817091348b.jpg :  : WARNING: DIDN'T GEOCODE, no track point below the maximum time range ( 300 s) : 2009-08-17-20:49:10 time difference (s)= 556
For information nearest trackpoint was at lat=46.59572125 long=-114.86236096
Processed image 0817091405a.jpg :  : WARNING: DIDN'T GEOCODE, no track point below the maximum time range ( 300 s) : 2009-08-17-21:06:04 time difference (s)= 1570
For information nearest trackpoint was at lat=46.59572125 long=-114.86236096
Processed image 0817091410a.jpg :  : WARNING: DIDN'T GEOCODE, no track point below the maximum time range ( 300 s) : 2009-08-17-21:11:01 time difference (s)= 1867
For information nearest trackpoint was at lat=46.59572125 long=-114.86236096
Processed image 0817091411a.jpg :  : WARNING: DIDN'T GEOCODE, no track point below the maximum time range ( 300 s) : 2009-08-17-21:11:23 time difference (s)= 1889
For information nearest trackpoint was at lat=46.59572125 long=-114.86236096
Processed image 0817091443a.jpg :  : WARNING: DIDN'T GEOCODE, no track point below the maximum time range ( 300 s) : 2009-08-17-21:43:34 time difference (s)= 3820
For information nearest trackpoint was at lat=46.59572125 long=-114.86236096
Processed image 0817091654a.jpg :  : WARNING: DIDN'T GEOCODE, no track point below the maximum time range ( 300 s) : 2009-08-17-23:55:08 time difference (s)= 11714
For information nearest trackpoint was at lat=46.59572125 long=-114.86236096
Processed image 0817091655a.jpg :  : WARNING: DIDN'T GEOCODE, no track point below the maximum time range ( 300 s) : 2009-08-17-23:55:26 time difference (s)= 11732
For information nearest trackpoint was at lat=46.59572125 long=-114.86236096
Processed image 0817091655b.jpg :  : WARNING: DIDN'T GEOCODE, no track point below the maximum time range ( 300 s) : 2009-08-17-23:55:40 time difference (s)= 11746
For information nearest trackpoint was at lat=46.59572125 long=-114.86236096
Processed image 0817091656a.jpg :  : WARNING: DIDN'T GEOCODE, no track point below the maximum time range ( 300 s) : 2009-08-17-23:57:01 time difference (s)= 11827
For information nearest trackpoint was at lat=46.59572125 long=-114.86236096
Processed image 0817091657a.jpg :  : WARNING: DIDN'T GEOCODE, no track point below the maximum time range ( 300 s) : 2009-08-17-23:57:33 time difference (s)= 11859
For information nearest trackpoint was at lat=46.59572125 long=-114.86236096
Processed image 0817091807a.jpg :  : WARNING: DIDN'T GEOCODE, no track point below the maximum time range ( 300 s) : 2009-08-18-01:07:37 time difference (s)= 16063
For information nearest trackpoint was at lat=46.59572125 long=-114.86236096
Processed image 0817091855a.jpg :  : WARNING: DIDN'T GEOCODE, no track point below the maximum time range ( 300 s) : 2009-08-18-01:55:33 time difference (s)= 18939
For information nearest trackpoint was at lat=46.59572125 long=-114.86236096
Processed image 0817091855b.jpg :  : WARNING: DIDN'T GEOCODE, no track point below the maximum time range ( 300 s) : 2009-08-18-01:55:56 time difference (s)= 18962
For information nearest trackpoint was at lat=46.59572125 long=-114.86236096
Processed image 0817091856a.jpg :  : WARNING: DIDN'T GEOCODE, no track point below the maximum time range ( 300 s) : 2009-08-18-01:56:14 time difference (s)= 18980
For information nearest trackpoint was at lat=46.59572125 long=-114.86236096
Processed image 0818090723a.jpg :  : WARNING: DIDN'T GEOCODE, no track point below the maximum time range ( 300 s) : 2009-08-18-14:23:36 time difference (s)= 20235
For information nearest trackpoint was at lat=46.53074742 long=-115.98251582
Processed image 0818091355a.jpg :  : WARNING: DIDN'T GEOCODE, no track point below the maximum time range ( 300 s) : 2009-08-18-20:55:33 time difference (s)= 405
For information nearest trackpoint was at lat=46.75141812 long=-115.73579551
Processed image 0818091356a.jpg :  : WARNING: DIDN'T GEOCODE, no track point below the maximum time range ( 300 s) : 2009-08-18-20:56:25 time difference (s)= 353
For information nearest trackpoint was at lat=46.75141812 long=-115.73579551
Processed image 0818091357a.jpg :  : WARNING: DIDN'T GEOCODE, no track point below the maximum time range ( 300 s) : 2009-08-18-20:57:17 time difference (s)= 301
For information nearest trackpoint was at lat=46.75141812 long=-115.73579551
Processed image 0818091518a.jpg : taken 2009-08-18-22:19:13, writing best latitude/longitude match to picture: N 46.81486845 ,W -115.91968776 : time difference (s)= 1
Processed image 0818091519a.jpg : taken 2009-08-18-22:19:57, writing best latitude/longitude match to picture: N 46.81497574 ,W -115.91998817 : time difference (s)= 19
Processed image 0818091520a.jpg : taken 2009-08-18-22:20:17, writing best latitude/longitude match to picture: N 46.81497574 ,W -115.91998817 : time difference (s)= 1
Processed image 0818091520b.jpg : taken 2009-08-18-22:20:28, writing best latitude/longitude match to picture: N 46.81497574 ,W -115.91998817 : time difference (s)= 12
Processed image 0818091526a.jpg : taken 2009-08-18-22:26:30, writing best latitude/longitude match to picture: N 46.81615591 ,W -115.92305661 : time difference (s)= 169
Processed image 0818091743a.jpg : taken 2009-08-19-00:43:28, writing best latitude/longitude match to picture: N 46.89464808 ,W -116.07087852 : time difference (s)= 31
Processed image 0818091848a.jpg : taken 2009-08-19-01:48:21, writing best latitude/longitude match to picture: N 46.91835881 ,W -116.16252423 : time difference (s)= 229
Processed image 0818091848b.jpg : taken 2009-08-19-01:48:48, writing best latitude/longitude match to picture: N 46.91835881 ,W -116.16252423 : time difference (s)= 256
Processed image 0818091848c.jpg : taken 2009-08-19-01:49:08, writing best latitude/longitude match to picture: N 46.91835881 ,W -116.16252423 : time difference (s)= 276
Processed image 0818091851b.jpg : taken 2009-08-19-01:52:02, writing best latitude/longitude match to picture: N 46.91831589 ,W -116.16256715 : time difference (s)= 216
Processed image 0818091853a.jpg : taken 2009-08-19-01:54:11, writing best latitude/longitude match to picture: N 46.91831589 ,W -116.16256715 : time difference (s)= 87
Processed image 0818091856a.jpg : taken 2009-08-19-01:56:50, writing best latitude/longitude match to picture: N 46.91831589 ,W -116.16256715 : time difference (s)= 72
Processed image 0818091858a.jpg : taken 2009-08-19-01:58:44, writing best latitude/longitude match to picture: N 46.91831589 ,W -116.16256715 : time difference (s)= 186
Processed image 0818091909a.jpg : taken 2009-08-19-02:10:08, writing best latitude/longitude match to picture: N 46.91838026 ,W -116.16233112 : time difference (s)= 42
Processed image 0818091910a.jpg : taken 2009-08-19-02:10:42, writing best latitude/longitude match to picture: N 46.91838026 ,W -116.16233112 : time difference (s)= 76
Processed image 0818091911b.jpg : taken 2009-08-19-02:11:38, writing best latitude/longitude match to picture: N 46.91835881 ,W -116.16222383 : time difference (s)= 61
Processed image 0818091912a.jpg : taken 2009-08-19-02:12:21, writing best latitude/longitude match to picture: N 46.91835881 ,W -116.16222383 : time difference (s)= 18
Processed image 0819090931a.jpg :  : WARNING: DIDN'T GEOCODE, no track point below the maximum time range ( 300 s) : 2009-08-19-16:31:39 time difference (s)= 7130
For information nearest trackpoint was at lat=46.40712977 long=-116.99334384
Processed image 0819090934a.jpg :  : WARNING: DIDN'T GEOCODE, no track point below the maximum time range ( 300 s) : 2009-08-19-16:34:17 time difference (s)= 6972
For information nearest trackpoint was at lat=46.40712977 long=-116.99334384
Processed image 0819091451a.jpg :  : WARNING: DIDN'T GEOCODE, no track point below the maximum time range ( 300 s) : 2009-08-19-21:51:59 time difference (s)= 11859
For information nearest trackpoint was at lat=39.15712760 long=-108.72024766
